# JRE version: OpenJDK Runtime Environment (8.0_202-b03) (build 1.8.0_202-release-1483-b03)
# Java VM: OpenJDK 64-Bit Server VM (25.202-b03 mixed mode windows-amd64 compressed oops)
Heap:
 PSYoungGen      total 121344K, used 54847K [0x00000000f5580000, 0x00000000ffd00000, 0x0000000100000000)
  eden space 104448K, 36% used [0x00000000f5580000,0x00000000f7aabbf8,0x00000000fbb80000)
  from space 16896K, 99% used [0x00000000fbb80000,0x00000000fcbe4170,0x00000000fcc00000)
  to   space 33280K, 0% used [0x00000000fdc80000,0x00000000fdc80000,0x00000000ffd00000)
 ParOldGen       total 337920K, used 31972K [0x00000000e0000000, 0x00000000f4a00000, 0x00000000f5580000)
  object space 337920K, 9% used [0x00000000e0000000,0x00000000e1f392a8,0x00000000f4a00000)
 Metaspace       used 93676K, capacity 98040K, committed 98752K, reserved 1134592K
  class space    used 11964K, capacity 12830K, committed 13056K, reserved 1048576K
GC Heap History (10 events):
Event: 1226.067 GC heap before
{Heap before GC invocations=33 (full 4):
 PSYoungGen      total 135168K, used 99328K [0x00000000f5580000, 0x00000000ffe80000, 0x0000000100000000)
  eden space 99328K, 100% used [0x00000000f5580000,0x00000000fb680000,0x00000000fb680000)
  from space 35840K, 0% used [0x00000000fdb80000,0x00000000fdb80000,0x00000000ffe80000)
  to   space 36864K, 0% used [0x00000000fb680000,0x00000000fb680000,0x00000000fda80000)
 ParOldGen       total 337920K, used 31940K [0x00000000e0000000, 0x00000000f4a00000, 0x00000000f5580000)
  object space 337920K, 9% used [0x00000000e0000000,0x00000000e1f312a8,0x00000000f4a00000)
 Metaspace       used 92259K, capacity 95962K, committed 98496K, reserved 1134592K
  class space    used 11819K, capacity 12561K, committed 13056K, reserved 1048576K
Event: 1226.105 GC heap after
Heap after GC invocations=33 (full 4):
 PSYoungGen      total 136192K, used 7840K [0x00000000f5580000, 0x00000000ffe00000, 0x0000000100000000)
  eden space 99328K, 0% used [0x00000000f5580000,0x00000000f5580000,0x00000000fb680000)
  from space 36864K, 21% used [0x00000000fb680000,0x00000000fbe28000,0x00000000fda80000)
  to   space 35328K, 0% used [0x00000000fdb80000,0x00000000fdb80000,0x00000000ffe00000)
 ParOldGen       total 337920K, used 31948K [0x00000000e0000000, 0x00000000f4a00000, 0x00000000f5580000)
  object space 337920K, 9% used [0x00000000e0000000,0x00000000e1f332a8,0x00000000f4a00000)
 Metaspace       used 92259K, capacity 95962K, committed 98496K, reserved 1134592K
  class space    used 11819K, capacity 12561K, committed 13056K, reserved 1048576K
}
Event: 1234.451 GC heap before
{Heap before GC invocations=34 (full 4):
 PSYoungGen      total 136192K, used 107168K [0x00000000f5580000, 0x00000000ffe00000, 0x0000000100000000)
  eden space 99328K, 100% used [0x00000000f5580000,0x00000000fb680000,0x00000000fb680000)
  from space 36864K, 21% used [0x00000000fb680000,0x00000000fbe28000,0x00000000fda80000)
  to   space 35328K, 0% used [0x00000000fdb80000,0x00000000fdb80000,0x00000000ffe00000)
 ParOldGen       total 337920K, used 31948K [0x00000000e0000000, 0x00000000f4a00000, 0x00000000f5580000)
  object space 337920K, 9% used [0x00000000e0000000,0x00000000e1f332a8,0x00000000f4a00000)
 Metaspace       used 93262K, capacity 97502K, committed 98496K, reserved 1134592K
  class space    used 11937K, capacity 12783K, committed 13056K, reserved 1048576K
Event: 1234.519 GC heap after
Heap after GC invocations=34 (full 4):
 PSYoungGen      total 134144K, used 13590K [0x00000000f5580000, 0x00000000ffa80000, 0x0000000100000000)
  eden space 102400K, 0% used [0x00000000f5580000,0x00000000f5580000,0x00000000fb980000)
  from space 31744K, 42% used [0x00000000fdb80000,0x00000000fe8c59e0,0x00000000ffa80000)
  to   space 33280K, 0% used [0x00000000fb980000,0x00000000fb980000,0x00000000fda00000)
 ParOldGen       total 337920K, used 31956K [0x00000000e0000000, 0x00000000f4a00000, 0x00000000f5580000)
  object space 337920K, 9% used [0x00000000e0000000,0x00000000e1f352a8,0x00000000f4a00000)
 Metaspace       used 93262K, capacity 97502K, committed 98496K, reserved 1134592K
  class space    used 11937K, capacity 12783K, committed 13056K, reserved 1048576K
}
Event: 1236.230 GC heap before
{Heap before GC invocations=35 (full 4):
 PSYoungGen      total 134144K, used 115990K [0x00000000f5580000, 0x00000000ffa80000, 0x0000000100000000)
  eden space 102400K, 100% used [0x00000000f5580000,0x00000000fb980000,0x00000000fb980000)
  from space 31744K, 42% used [0x00000000fdb80000,0x00000000fe8c59e0,0x00000000ffa80000)
  to   space 33280K, 0% used [0x00000000fb980000,0x00000000fb980000,0x00000000fda00000)
 ParOldGen       total 337920K, used 31956K [0x00000000e0000000, 0x00000000f4a00000, 0x00000000f5580000)
  object space 337920K, 9% used [0x00000000e0000000,0x00000000e1f352a8,0x00000000f4a00000)
 Metaspace       used 93506K, capacity 97774K, committed 98752K, reserved 1134592K
  class space    used 11951K, capacity 12807K, committed 13056K, reserved 1048576K
Event: 1236.283 GC heap after
Heap after GC invocations=35 (full 4):
 PSYoungGen      total 135680K, used 24609K [0x00000000f5580000, 0x0000000100000000, 0x0000000100000000)
  eden space 102400K, 0% used [0x00000000f5580000,0x00000000f5580000,0x00000000fb980000)
  from space 33280K, 73% used [0x00000000fb980000,0x00000000fd1884f8,0x00000000fda00000)
  to   space 35840K, 0% used [0x00000000fdd00000,0x00000000fdd00000,0x0000000100000000)
 ParOldGen       total 337920K, used 31964K [0x00000000e0000000, 0x00000000f4a00000, 0x00000000f5580000)
  object space 337920K, 9% used [0x00000000e0000000,0x00000000e1f372a8,0x00000000f4a00000)
 Metaspace       used 93506K, capacity 97774K, committed 98752K, reserved 1134592K
  class space    used 11951K, capacity 12807K, committed 13056K, reserved 1048576K
}
Event: 1240.493 GC heap before
{Heap before GC invocations=36 (full 4):
 PSYoungGen      total 135680K, used 127009K [0x00000000f5580000, 0x0000000100000000, 0x0000000100000000)
  eden space 102400K, 100% used [0x00000000f5580000,0x00000000fb980000,0x00000000fb980000)
  from space 33280K, 73% used [0x00000000fb980000,0x00000000fd1884f8,0x00000000fda00000)
  to   space 35840K, 0% used [0x00000000fdd00000,0x00000000fdd00000,0x0000000100000000)
 ParOldGen       total 337920K, used 31964K [0x00000000e0000000, 0x00000000f4a00000, 0x00000000f5580000)
  object space 337920K, 9% used [0x00000000e0000000,0x00000000e1f372a8,0x00000000f4a00000)
 Metaspace       used 93663K, capacity 98028K, committed 98752K, reserved 1134592K
  class space    used 11962K, capacity 12828K, committed 13056K, reserved 1048576K
Event: 1240.532 GC heap after
Heap after GC invocations=36 (full 4):
 PSYoungGen      total 139776K, used 16928K [0x00000000f5580000, 0x00000000fff80000, 0x0000000100000000)
  eden space 104448K, 0% used [0x00000000f5580000,0x00000000f5580000,0x00000000fbb80000)
  from space 35328K, 47% used [0x00000000fdd00000,0x00000000fed88180,0x00000000fff80000)
  to   space 34304K, 0% used [0x00000000fbb80000,0x00000000fbb80000,0x00000000fdd00000)
 ParOldGen       total 337920K, used 31972K [0x00000000e0000000, 0x00000000f4a00000, 0x00000000f5580000)
  object space 337920K, 9% used [0x00000000e0000000,0x00000000e1f392a8,0x00000000f4a00000)
 Metaspace       used 93663K, capacity 98028K, committed 98752K, reserved 1134592K
  class space    used 11962K, capacity 12828K, committed 13056K, reserved 1048576K
}
Event: 1240.730 GC heap before
{Heap before GC invocations=37 (full 4):
 PSYoungGen      total 139776K, used 121376K [0x00000000f5580000, 0x00000000fff80000, 0x0000000100000000)
  eden space 104448K, 100% used [0x00000000f5580000,0x00000000fbb80000,0x00000000fbb80000)
  from space 35328K, 47% used [0x00000000fdd00000,0x00000000fed88180,0x00000000fff80000)
  to   space 34304K, 0% used [0x00000000fbb80000,0x00000000fbb80000,0x00000000fdd00000)
 ParOldGen       total 337920K, used 31972K [0x00000000e0000000, 0x00000000f4a00000, 0x00000000f5580000)
  object space 337920K, 9% used [0x00000000e0000000,0x00000000e1f392a8,0x00000000f4a00000)
 Metaspace       used 93676K, capacity 98040K, committed 98752K, reserved 1134592K
  class space    used 11964K, capacity 12830K, committed 13056K, reserved 1048576K
Event: 1240.746 GC heap after
Heap after GC invocations=37 (full 4):
 PSYoungGen      total 121344K, used 16784K [0x00000000f5580000, 0x00000000ffd00000, 0x0000000100000000)
  eden space 104448K, 0% used [0x00000000f5580000,0x00000000f5580000,0x00000000fbb80000)
  from space 16896K, 99% used [0x00000000fbb80000,0x00000000fcbe4170,0x00000000fcc00000)
  to   space 33280K, 0% used [0x00000000fdc80000,0x00000000fdc80000,0x00000000ffd00000)
 ParOldGen       total 337920K, used 31972K [0x00000000e0000000, 0x00000000f4a00000, 0x00000000f5580000)
  object space 337920K, 9% used [0x00000000e0000000,0x00000000e1f392a8,0x00000000f4a00000)
 Metaspace       used 93676K, capacity 98040K, committed 98752K, reserved 1134592K
  class space    used 11964K, capacity 12830K, committed 13056K, reserved 1048576K
}

